<?xml version="1.0" encoding="UTF-8"?>
<testsuite name="Creacion de usuario" tests="1" skipped="0" failures="1" errors="0" timestamp="2024-04-05T18:36:44" hostname="DESKTOP-ORV9T64" time="3.481">
  <properties/>
  <testcase name="Creacion de usuario metodo POST" classname="Creacion de usuario" time="3.481">
    <failure message="java.lang.AssertionError: 1 expectation failed.&#10;Expected status code &lt;200&gt; but was &lt;405&gt;.&#10;" type="java.lang.AssertionError">java.lang.AssertionError: 1 expectation failed.
Expected status code &lt;200&gt; but was &lt;405&gt;.

	at net.serenitybdd.screenplay.ErrorTally.throwSummaryExceptionFrom(ErrorTally.java:36)
	at net.serenitybdd.screenplay.ErrorTally.reportAnyErrors(ErrorTally.java:30)
	at net.serenitybdd.screenplay.Actor.should(Actor.java:321)
	at co.com.services.stepDefinitions.stepDefinition.puedoVerElCodigoDeRespuesta(stepDefinition.java:30)
	at âœ½.Puedo ver el codigo de respuesta 200(file:///C:/Selenium/services-rosen/src/test/resources/features/user.feature:6)
</failure>
  </testcase>
  <system-out><![CDATA[Request method:	GET
Request URI:	https://petstore.swagger.io/v2/user
Proxy:			<none>
Request params:	<none>
Query params:	<none>
Form params:	<none>
Path params:	<none>
Headers:		Accept=*/*
				Content-Type=application/json; charset=UTF-8
Cookies:		<none>
Multiparts:		<none>
Body:			<none>
]]></system-out>
  <system-err><![CDATA[[Test worker] INFO io.cucumber.core.plugin.SerenityReporter - Running feature from file:///C:/Selenium/services-rosen/src/test/resources/features/user.feature
[Test worker] INFO  - 
 _____ _____ ____ _____   ____ _____  _    ____ _____ _____ ____  
|_   _| ____/ ___|_   _| / ___|_   _|/ \  |  _ \_   _| ____|  _ \ 
  | | |  _| \___ \ | |   \___ \ | | / _ \ | |_) || | |  _| | | | |
  | | | |___ ___) || |    ___) || |/ ___ \|  _ < | | | |___| |_| |
  |_| |_____|____/ |_|   |____/ |_/_/   \_\_| \_\|_| |_____|____/ 

Creacion de usuario metodo POST(creacion-de-usuario;creacion-de-usuario-metodo-post)
-------------------------------------------------------------------
[Test worker] ERROR  - 
           __  _____ _____ ____ _____   _____ _    ___ _     _____ ____  
  _       / / |_   _| ____/ ___|_   _| |  ___/ \  |_ _| |   | ____|  _ \ 
 (_)_____| |    | | |  _| \___ \ | |   | |_ / _ \  | || |   |  _| | | | |
  _|_____| |    | | | |___ ___) || |   |  _/ ___ \ | || |___| |___| |_| |
 (_)     | |    |_| |_____|____/ |_|   |_|/_/   \_\___|_____|_____|____/ 
          \_\                                                            

Creacion de usuario metodo POST
--------------------------------------------------------------------------
[Test worker] ERROR  -     Test failed at step: Service API response status code
[Test worker] ERROR  -     1 expectation failed.Expected status code <200> but was <405>.
]]></system-err>
</testsuite>
